<?xml version="1.0" encoding="UTF-8" ?>
<testsuite tests="36" failures="0" name="step_definitions.RunCukesTest" time="13.437" errors="0" skipped="0">
  <properties>
[...]
</properties>
  <testcase classname="Scenario: User normal login" name="Given User open the campyuk website" time="0.005"/>
  <testcase classname="Scenario: User normal login" name="When User input &quot;diqy07&quot; as userName and input &quot;12345678&quot; as password" time="0"/>
  <testcase classname="Scenario: User normal login" name="Then User should directed into next page" time="0"/>
  <testcase classname="Scenario: User normal login" name="Scenario: User normal login" time="4.58"/>
  <testcase classname="| diqy07 | apelu | password not matched |" name="Given User open the campyuk website" time="0.001"/>
  <testcase classname="| diqy07 | apelu | password not matched |" name="When User input &quot;diqy07&quot; as userName and input &quot;apelu&quot; as password" time="0.001"/>
  <testcase classname="| diqy07 | apelu | password not matched |" name="Then User see error &quot;password not matched&quot; on login page" time="0"/>
  <testcase classname="| diqy07 | apelu | password not matched |" name="| diqy07 | apelu | password not matched |" time="0.938"/>
  <testcase classname="| auwjduawj | mencoba12 | account not registered or server error |" name="Given User open the campyuk website" time="0"/>
  <testcase classname="| auwjduawj | mencoba12 | account not registered or server error |" name="When User input &quot;auwjduawj&quot; as userName and input &quot;mencoba12&quot; as password" time="0"/>
  <testcase classname="| auwjduawj | mencoba12 | account not registered or server error |" name="Then User see error &quot;account not registered or server error&quot; on login page" time="0"/>
  <testcase classname="| auwjduawj | mencoba12 | account not registered or server error |" name="| auwjduawj | mencoba12 | account not registered or server error |" time="1.136"/>
  <testcase classname="Scenario: Host login with valid &quot;username&quot; and &quot;password&quot;" name="Given Admin open the campyuk website" time="0"/>
  <testcase classname="Scenario: Host login with valid &quot;username&quot; and &quot;password&quot;" name="When Admin input &quot;admin&quot; as userName and input &quot;admin&quot; as password" time="0.002"/>
  <testcase classname="Scenario: Host login with valid &quot;username&quot; and &quot;password&quot;" name="Then Admin should directed into next page" time="0"/>
  <testcase classname="Scenario: Host login with valid &quot;username&quot; and &quot;password&quot;" name="Scenario: Host login with valid &quot;username&quot; and &quot;password&quot;" time="0.887"/>
  <testcase classname="| admin | 3283782748 | password not matched |" name="Given Admin open the campyuk website" time="0"/>
  <testcase classname="| admin | 3283782748 | password not matched |" name="When Admin input &quot;admin&quot; as userName and input &quot;3283782748&quot; as password" time="0"/>
  <testcase classname="| admin | 3283782748 | password not matched |" name="Then Admin see error &quot;password not matched&quot; on login page" time="0"/>
  <testcase classname="| admin | 3283782748 | password not matched |" name="| admin | 3283782748 | password not matched |" time="1.34"/>
  <testcase classname="| apesiii | mencoba12 | account not registered or server error |" name="Given Admin open the campyuk website" time="0"/>
  <testcase classname="| apesiii | mencoba12 | account not registered or server error |" name="When Admin input &quot;apesiii&quot; as userName and input &quot;mencoba12&quot; as password" time="0"/>
  <testcase classname="| apesiii | mencoba12 | account not registered or server error |" name="Then Admin see error &quot;account not registered or server error&quot; on login page" time="0"/>
  <testcase classname="| apesiii | mencoba12 | account not registered or server error |" name="| apesiii | mencoba12 | account not registered or server error |" time="0.967"/>
  <testcase classname="Scenario: Host login with valid &quot;username&quot; and &quot;password&quot;" name="Given Host open the campyuk website" time="0"/>
  <testcase classname="Scenario: Host login with valid &quot;username&quot; and &quot;password&quot;" name="When Host input &quot;punyagua&quot; as userName and input &quot;12345678&quot; as password" time="0"/>
  <testcase classname="Scenario: Host login with valid &quot;username&quot; and &quot;password&quot;" name="Then Host should directed into next page" time="0"/>
  <testcase classname="Scenario: Host login with valid &quot;username&quot; and &quot;password&quot;" name="Scenario: Host login with valid &quot;username&quot; and &quot;password&quot;" time="0.937"/>
  <testcase classname="| punyagua | apelu | password not matched |" name="Given Host open the campyuk website" time="0"/>
  <testcase classname="| punyagua | apelu | password not matched |" name="When Host input &quot;punyagua&quot; as userName and input &quot;apelu&quot; as password" time="0"/>
  <testcase classname="| punyagua | apelu | password not matched |" name="Then Host see error &quot;password not matched&quot; on login page" time="0"/>
  <testcase classname="| punyagua | apelu | password not matched |" name="| punyagua | apelu | password not matched |" time="1.306"/>
  <testcase classname="| apesiii | mencoba12 | account not registered or server error |" name="Given Host open the campyuk website" time="0"/>
  <testcase classname="| apesiii | mencoba12 | account not registered or server error |" name="When Host input &quot;apesiii&quot; as userName and input &quot;mencoba12&quot; as password" time="0"/>
  <testcase classname="| apesiii | mencoba12 | account not registered or server error |" name="Then Host see error &quot;account not registered or server error&quot; on login page" time="0"/>
  <testcase classname="| apesiii | mencoba12 | account not registered or server error |" name="| apesiii | mencoba12 | account not registered or server error |" time="1.337"/>
</testsuite>